Traceback (most recent call last):
  File "redirect.py", line 1, in <module>
    def runHTTP(server_class=HTTPServerV6, handler_class=Server, port=80):
NameError: name 'HTTPServerV6' is not defined
Traceback (most recent call last):
  File "redirect.py", line 1, in <module>
    def runHTTP(server_class=HTTPServerV6, handler_class=Server, port=80):
NameError: name 'HTTPServerV6' is not defined
Traceback (most recent call last):
  File "redirect.py", line 1, in <module>
    def runHTTP(server_class=HTTPServerV6, handler_class=Server, port=80):
NameError: name 'HTTPServerV6' is not defined
Traceback (most recent call last):
  File "redirect.py", line 1, in <module>
    def runHTTP(server_class=HTTPServerV6, handler_class=Server, port=80):
NameError: name 'HTTPServerV6' is not defined
Traceback (most recent call last):
  File "redirect.py", line 1, in <module>
    def runHTTP(server_class=HTTPServerV6, handler_class=Server, port=80):
NameError: name 'HTTPServerV6' is not defined
Traceback (most recent call last):
  File "redirect.py", line 1, in <module>
    def runHTTP(server_class=HTTPServerV6, handler_class=Server, port=80):
NameError: name 'HTTPServerV6' is not defined
Traceback (most recent call last):
  File "redirect.py", line 1, in <module>
    def runHTTP(server_class=HTTPServerV6, handler_class=Server, port=80):
NameError: name 'HTTPServerV6' is not defined
Traceback (most recent call last):
  File "redirect.py", line 1, in <module>
    def runHTTP(server_class=HTTPServerV6, handler_class=Server, port=80):
NameError: name 'HTTPServerV6' is not defined
Traceback (most recent call last):
  File "redirect.py", line 1, in <module>
    def runHTTP(server_class=HTTPServerV6, handler_class=Server, port=80):
NameError: name 'HTTPServerV6' is not defined
Traceback (most recent call last):
  File "redirect.py", line 1, in <module>
    def runHTTP(server_class=HTTPServerV6, handler_class=Server, port=80):
NameError: name 'HTTPServerV6' is not defined
Traceback (most recent call last):
  File "redirect.py", line 1, in <module>
    def runHTTP(server_class=HTTPServerV6, handler_class=Server, port=80):
NameError: name 'HTTPServerV6' is not defined
Traceback (most recent call last):
  File "redirect.py", line 1, in <module>
    def runHTTP(server_class=HTTPServerV6, handler_class=Server, port=80):
NameError: name 'HTTPServerV6' is not defined
Traceback (most recent call last):
  File "redirect.py", line 1, in <module>
    def runHTTP(server_class=HTTPServerV6, handler_class=Server, port=80):
NameError: name 'HTTPServerV6' is not defined
Traceback (most recent call last):
  File "redirect.py", line 1, in <module>
    def runHTTP(server_class=HTTPServerV6, handler_class=Server, port=80):
NameError: name 'HTTPServerV6' is not defined
Traceback (most recent call last):
  File "redirect.py", line 1, in <module>
    def runHTTP(server_class=HTTPServerV6, handler_class=Server, port=80):
NameError: name 'HTTPServerV6' is not defined
Traceback (most recent call last):
  File "redirect.py", line 1, in <module>
    def runHTTP(server_class=HTTPServerV6, handler_class=Server, port=80):
NameError: name 'HTTPServerV6' is not defined
Traceback (most recent call last):
  File "redirect.py", line 1, in <module>
    def runHTTP(server_class=HTTPServerV6, handler_class=Server, port=80):
NameError: name 'HTTPServerV6' is not defined
Traceback (most recent call last):
  File "redirect.py", line 1, in <module>
    def runHTTP(server_class=HTTPServerV6, handler_class=Server, port=80):
NameError: name 'HTTPServerV6' is not defined
Traceback (most recent call last):
  File "redirect.py", line 1, in <module>
    def runHTTP(server_class=HTTPServerV6, handler_class=Server, port=80):
NameError: name 'HTTPServerV6' is not defined
Traceback (most recent call last):
  File "redirect.py", line 1, in <module>
    def runHTTP(server_class=HTTPServerV6, handler_class=Server, port=80):
NameError: name 'HTTPServerV6' is not defined
Traceback (most recent call last):
  File "redirect.py", line 1, in <module>
    def runHTTP(server_class=HTTPServerV6, handler_class=Server, port=80):
NameError: name 'HTTPServerV6' is not defined
Traceback (most recent call last):
  File "redirect.py", line 1, in <module>
    def runHTTP(server_class=HTTPServerV6, handler_class=Server, port=80):
NameError: name 'HTTPServerV6' is not defined
Traceback (most recent call last):
  File "redirect.py", line 1, in <module>
    def runHTTP(server_class=HTTPServerV6, handler_class=Server, port=80):
NameError: name 'HTTPServerV6' is not defined
Traceback (most recent call last):
  File "redirect.py", line 1, in <module>
    def runHTTP(server_class=HTTPServerV6, handler_class=Server, port=80):
NameError: name 'HTTPServerV6' is not defined
37.7.132.243 - - [27/Jun/2021 15:03:02] "GET / HTTP/1.1" 302 -
35.176.75.177 - - [27/Jun/2021 15:11:19] "GET /.env HTTP/1.1" 302 -
35.176.75.177 - - [27/Jun/2021 15:11:19] code 501, message Unsupported method ('POST')
35.176.75.177 - - [27/Jun/2021 15:11:19] "POST / HTTP/1.1" 501 -
216.218.206.66 - - [27/Jun/2021 17:03:13] "GET / HTTP/1.1" 302 -
206.161.216.34 - - [27/Jun/2021 17:12:54] "GET / HTTP/1.1" 302 -
168.232.12.230 - - [27/Jun/2021 17:26:24] "GET / HTTP/1.1" 302 -
103.145.13.121 - - [27/Jun/2021 17:33:34] "GET / HTTP/1.1" 302 -
103.145.13.121 - - [27/Jun/2021 18:07:53] "GET / HTTP/1.1" 302 -
103.145.13.121 - - [27/Jun/2021 18:36:28] "GET / HTTP/1.1" 302 -
18.130.35.76 - - [27/Jun/2021 18:48:40] "GET /.env HTTP/1.1" 302 -
18.130.35.76 - - [27/Jun/2021 18:48:40] code 501, message Unsupported method ('POST')
18.130.35.76 - - [27/Jun/2021 18:48:40] "POST / HTTP/1.1" 501 -
128.14.141.34 - - [27/Jun/2021 18:53:55] "GET / HTTP/1.1" 302 -
196.196.41.68 - - [27/Jun/2021 19:02:57] "GET / HTTP/1.1" 302 -
66.249.64.171 - - [27/Jun/2021 19:33:26] "GET /robots.txt HTTP/1.1" 302 -
66.249.64.171 - - [27/Jun/2021 19:33:26] "GET / HTTP/1.1" 302 -
79.174.24.131 - - [27/Jun/2021 19:47:47] "GET / HTTP/1.1" 302 -
94.251.34.159 - - [27/Jun/2021 20:21:29] "GET / HTTP/1.1" 302 -
197.232.244.161 - - [27/Jun/2021 21:41:06] "GET / HTTP/1.1" 302 -
185.28.183.187 - - [27/Jun/2021 21:44:37] "GET / HTTP/1.1" 302 -
103.145.13.121 - - [27/Jun/2021 21:46:39] "GET / HTTP/1.1" 302 -
